[2026-07-16 12:00:20] local.ERROR: syntax error, unexpected token "/", expecting "{" {"exception":"[object] (ParseError(code: 0): syntax error, unexpected token \"/\", expecting \"{\" at C:/Users/SOLIT/Documents/2410020046_Shofi Qolbia_UAS_WEB_2/app/Http/Controllers/AuthController.php:3)
[stacktrace]
#0 C:/Users/SOLIT/Documents/2410020046_Shofi Qolbia_UAS_WEB_2/vendor/composer/ClassLoader.php(427): Composer/Autoload/{closure}('C://Users//SOLIT//...')
#1 [internal function]: Composer/Autoload/ClassLoader->loadClass('App//Http//Contro...')
#2 C:/Users/SOLIT/Documents/2410020046_Shofi Qolbia_UAS_WEB_2/vendor/laravel/framework/src/Illuminate/Routing/Route.php(1096): is_a('App//Http//Contro...', 'Illuminate//Rout...', true)
#3 C:/Users/SOLIT/Documents/2410020046_Shofi Qolbia_UAS_WEB_2/vendor/laravel/framework/src/Illuminate/Routing/Route.php(1035): Illuminate/Routing/Route->controllerMiddleware()
#4 C:/Users/SOLIT/Documents/2410020046_Shofi Qolbia_UAS_WEB_2/vendor/laravel/framework/src/Illuminate/Routing/Router.php(818): Illuminate/Routing/Route->gatherMiddleware()
#5 C:/Users/SOLIT/Documents/2410020046_Shofi Qolbia_UAS_WEB_2/vendor/laravel/framework/src/Illuminate/Foundation/Console/RouteListCommand.php(201): Illuminate/Routing/Router->gatherRouteMiddleware(Object(Illuminate/Routing/Route))
#6 C:/Users/SOLIT/Documents/2410020046_Shofi Qolbia_UAS_WEB_2/vendor/laravel/framework/src/Illuminate/Foundation/Console/RouteListCommand.php(146): Illuminate/Foundation/Console/RouteListCommand->getMiddleware(Object(Illuminate/Routing/Route))
#7 C:/Users/SOLIT/Documents/2410020046_Shofi Qolbia_UAS_WEB_2/vendor/laravel/framework/src/Illuminate/Foundation/Console/RouteListCommand.php(116): Illuminate/Foundation/Console/RouteListCommand->getRouteInformation(Object(Illuminate/Routing/Route))
#8 [internal function]: Illuminate/Foundation/Console/RouteListCommand->Illuminate/Foundation/Console/{closure}(Object(Illuminate/Routing/Route), 6)
#9 C:/Users/SOLIT/Documents/2410020046_Shofi Qolbia_UAS_WEB_2/vendor/laravel/framework/src/Illuminate/Collections/Arr.php(600): array_map(Object(Closure), Array, Array)
#10 C:/Users/SOLIT/Documents/2410020046_Shofi Qolbia_UAS_WEB_2/vendor/laravel/framework/src/Illuminate/Collections/Collection.php(778): Illuminate/Support/Arr::map(Array, Object(Closure))
#11 C:/Users/SOLIT/Documents/2410020046_Shofi Qolbia_UAS_WEB_2/vendor/laravel/framework/src/Illuminate/Foundation/Console/RouteListCommand.php(115): Illuminate/Support/Collection->map(Object(Closure))
#12 C:/Users/SOLIT/Documents/2410020046_Shofi Qolbia_UAS_WEB_2/vendor/laravel/framework/src/Illuminate/Foundation/Console/RouteListCommand.php(101): Illuminate/Foundation/Console/RouteListCommand->getRoutes()
#13 C:/Users/SOLIT/Documents/2410020046_Shofi Qolbia_UAS_WEB_2/vendor/laravel/framework/src/Illuminate/Container/BoundMethod.php(36): Illuminate/Foundation/Console/RouteListCommand->handle()
#14 C:/Users/SOLIT/Documents/2410020046_Shofi Qolbia_UAS_WEB_2/vendor/laravel/framework/src/Illuminate/Container/Util.php(41): Illuminate/Container/BoundMethod::Illuminate/Container/{closure}()
#15 C:/Users/SOLIT/Documents/2410020046_Shofi Qolbia_UAS_WEB_2/vendor/laravel/framework/src/Illuminate/Container/BoundMethod.php(93): Illuminate/Container/Util::unwrapIfClosure(Object(Closure))
#16 C:/Users/SOLIT/Documents/2410020046_Shofi Qolbia_UAS_WEB_2/vendor/laravel/framework/src/Illuminate/Container/BoundMethod.php(35): Illuminate/Container/BoundMethod::callBoundMethod(Object(Illuminate/Foundation/Application), Array, Object(Closure))
#17 C:/Users/SOLIT/Documents/2410020046_Shofi Qolbia_UAS_WEB_2/vendor/laravel/framework/src/Illuminate/Container/Container.php(662): Illuminate/Container/BoundMethod::call(Object(Illuminate/Foundation/Application), Array, Array, NULL)
#18 C:/Users/SOLIT/Documents/2410020046_Shofi Qolbia_UAS_WEB_2/vendor/laravel/framework/src/Illuminate/Console/Command.php(211): Illuminate/Container/Container->call(Array)
#19 C:/Users/SOLIT/Documents/2410020046_Shofi Qolbia_UAS_WEB_2/vendor/symfony/console/Command/Command.php(326): Illuminate/Console/Command->execute(Object(Symfony/Component/Console/Input/ArgvInput), Object(Illuminate/Console/OutputStyle))
#20 C:/Users/SOLIT/Documents/2410020046_Shofi Qolbia_UAS_WEB_2/vendor/laravel/framework/src/Illuminate/Console/Command.php(180): Symfony/Component/Console/Command/Command->run(Object(Symfony/Component/Console/Input/ArgvInput), Object(Illuminate/Console/OutputStyle))
#21 C:/Users/SOLIT/Documents/2410020046_Shofi Qolbia_UAS_WEB_2/vendor/symfony/console/Application.php(1121): Illuminate/Console/Command->run(Object(Symfony/Component/Console/Input/ArgvInput), Object(Symfony/Component/Console/Output/ConsoleOutput))
#22 C:/Users/SOLIT/Documents/2410020046_Shofi Qolbia_UAS_WEB_2/vendor/symfony/console/Application.php(324): Symfony/Component/Console/Application->doRunCommand(Object(Illuminate/Foundation/Console/RouteListCommand), Object(Symfony/Component/Console/Input/ArgvInput), Object(Symfony/Component/Console/Output/ConsoleOutput))
#23 C:/Users/SOLIT/Documents/2410020046_Shofi Qolbia_UAS_WEB_2/vendor/symfony/console/Application.php(175): Symfony/Component/Console/Application->doRun(Object(Symfony/Component/Console/Input/ArgvInput), Object(Symfony/Component/Console/Output/ConsoleOutput))
#24 C:/Users/SOLIT/Documents/2410020046_Shofi Qolbia_UAS_WEB_2/vendor/laravel/framework/src/Illuminate/Foundation/Console/Kernel.php(201): Symfony/Component/Console/Application->run(Object(Symfony/Component/Console/Input/ArgvInput), Object(Symfony/Component/Console/Output/ConsoleOutput))
#25 C:/Users/SOLIT/Documents/2410020046_Shofi Qolbia_UAS_WEB_2/artisan(35): Illuminate/Foundation/Console/Kernel->handle(Object(Symfony/Component/Console/Input/ArgvInput), Object(Symfony/Component/Console/Output/ConsoleOutput))
#26 {main}
"} 
